<?xml version="1.0" encoding="UTF-8"?>
<!-- Generated by org.testng.reporters.JUnitReportReporter -->
<testsuite hostname="Vinay-PC" failures="0" tests="1" name="testNGEX.ParameterEx_Login" time="2.314" errors="0" timestamp="2023-06-11T18:51:21 CDT" skipped="0">
  <testcase classname="testNGEX.ParameterEx_Login" name="Login_ValidDetails" time="2.314"/>
  <system-out/>
</testsuite> <!-- testNGEX.ParameterEx_Login -->
