<?xml version="1.0" encoding="UTF-8"?>
<!-- Generated by org.testng.reporters.JUnitReportReporter -->
<testsuite hostname="Vinay-PC" failures="0" tests="1" name="testNGEX.Google_TestNG" time="5.254" errors="0" timestamp="2023-06-08T16:43:15 CDT" skipped="0">
  <testcase classname="testNGEX.Google_TestNG" name="googleSearch" time="5.254"/>
  <system-out/>
</testsuite> <!-- testNGEX.Google_TestNG -->
