<?xml version="1.0" encoding="UTF-8"?>
<!-- Generated by org.testng.reporters.JUnitReportReporter -->
<testsuite hostname="Vinay-PC" failures="0" tests="3" name="testNGEX.OrangeHRM_Login" time="28.629" errors="0" timestamp="2023-06-12T00:07:38 CDT" skipped="1">
  <testcase classname="testNGEX.OrangeHRM_Login" name="Login_ValidDetails" time="13.840"/>
  <system-out/>
  <testcase classname="testNGEX.OrangeHRM_Login" name="login_InvalidUserName" time="14.789"/>
  <system-out/>
  <testcase classname="testNGEX.OrangeHRM_Login" name="login_InvalidPassword">
    <skipped/>
  </testcase> <!-- login_InvalidPassword -->
  <system-out/>
</testsuite> <!-- testNGEX.OrangeHRM_Login -->
